<?xml version="1.0" encoding="UTF-8"?>
<Site BuildName="Linux-g++"
	BuildStamp="20260716-1430-Experimental"
	Name="pop-os"
	Generator="ctest-3.28.3"
	CompilerName="/usr/bin/g++"
	CompilerVersion="13.3.0"
	OSName="Linux"
	Hostname="pop-os"
	OSRelease="6.18.7-76061807-generic"
	OSVersion="#202601231045~1769703228~24.04~cb87b5b SMP PREEMPT_DYNAMIC Thu J"
	OSPlatform="x86_64"
	Is64Bits="1"
	VendorString="GenuineIntel"
	VendorID="Intel Corporation"
	FamilyID="6"
	ModelID="186"
	ProcessorCacheSize="10240"
	NumberOfLogicalCPU="8"
	NumberOfPhysicalCPU="6"
	TotalVirtualMemory="7620"
	TotalPhysicalMemory="7620"
	LogicalProcessorsPerPhysical="1"
	ProcessorClockFrequency="2723.1"
	>
	<Testing>
		<StartDateTime>Jul 16 11:30 -03</StartDateTime>
		<StartTestTime>1784212249</StartTestTime>
		<TestList/>
		<EndDateTime>Jul 16 11:30 -03</EndDateTime>
		<EndTestTime>1784212249</EndTestTime>
		<ElapsedMinutes>0</ElapsedMinutes>
	</Testing>
</Site>
